2026-02-26 18:04:51 | INFO     | forex_scraper.main | ==================================================
2026-02-26 18:04:51 | INFO     | forex_scraper.main | Forex Scraper Microservice starting...
2026-02-26 18:04:51 | INFO     | forex_scraper.main | Startup complete. Server ready.
2026-02-26 18:04:51 | INFO     | forex_scraper.main | ==================================================
2026-02-26 18:07:24 | INFO     | forex_scraper.main | Forex Scraper Microservice shutting down...
2026-02-26 18:07:29 | INFO     | forex_scraper.main | ==================================================
2026-02-26 18:07:29 | INFO     | forex_scraper.main | Forex Scraper Microservice starting...
2026-02-26 18:07:29 | INFO     | forex_scraper.main | Startup complete. Server ready.
2026-02-26 18:07:29 | INFO     | forex_scraper.main | ==================================================
2026-02-26 18:12:36 | INFO     | forex_scraper.main | ==================================================
2026-02-26 18:12:36 | INFO     | forex_scraper.main | Forex Scraper Microservice starting...
2026-02-26 18:12:36 | INFO     | forex_scraper.main | Startup complete. Server ready.
2026-02-26 18:12:36 | INFO     | forex_scraper.main | ==================================================
2026-02-26 18:13:29 | INFO     | forex_scraper.main | ==================================================
2026-02-26 18:13:29 | INFO     | forex_scraper.main | Forex Scraper Microservice starting...
2026-02-26 18:13:29 | INFO     | forex_scraper.main | Startup complete. Server ready.
2026-02-26 18:13:29 | INFO     | forex_scraper.main | ==================================================
2026-02-26 18:14:33 | INFO     | forex_scraper.main | Forex Scraper Microservice shutting down...
2026-02-26 18:15:04 | INFO     | forex_scraper.main | ==================================================
2026-02-26 18:15:04 | INFO     | forex_scraper.main | Forex Scraper Microservice starting...
2026-02-26 18:15:04 | INFO     | forex_scraper.main | Startup complete. Server ready.
2026-02-26 18:15:04 | INFO     | forex_scraper.main | ==================================================
2026-02-26 18:15:44 | INFO     | forex_scraper.main | Forex Scraper Microservice shutting down...
2026-02-26 18:18:45 | INFO     | forex_scraper.main | ==================================================
2026-02-26 18:18:45 | INFO     | forex_scraper.main | Forex Scraper Microservice starting...
2026-02-26 18:18:45 | INFO     | forex_scraper.main | Startup complete. Server ready.
2026-02-26 18:18:45 | INFO     | forex_scraper.main | ==================================================
2026-02-26 18:21:43 | INFO     | forex_scraper.main | Forex Scraper Microservice shutting down...
2026-02-26 18:21:46 | INFO     | forex_scraper.main | ==================================================
2026-02-26 18:21:46 | INFO     | forex_scraper.main | Forex Scraper Microservice starting...
2026-02-26 18:21:46 | INFO     | forex_scraper.main | Startup complete. Server ready.
2026-02-26 18:21:46 | INFO     | forex_scraper.main | ==================================================
2026-02-26 18:22:16 | INFO     | forex_scraper.scrape | [USDINR] Priming cookies via main page...
2026-02-26 18:22:16 | INFO     | forex_scraper.scrape | [USDINR] Cookies primed. Waiting 2.1s...
2026-02-26 18:22:18 | INFO     | forex_scraper.scrape | [USDINR] Calling historical API...
2026-02-26 18:22:22 | INFO     | forex_scraper.scrape | [USDINR] Status: 200
2026-02-26 18:22:22 | INFO     | forex_scraper.scrape | [USDINR] Parsed 1606 records
2026-02-26 18:22:22 | INFO     | currency_scrape.service | Waiting 5.1s before next pair...
2026-02-26 18:22:27 | INFO     | forex_scraper.scrape | [EURUSD] Priming cookies via main page...
2026-02-26 18:22:28 | INFO     | forex_scraper.scrape | [EURUSD] Cookies primed. Waiting 2.6s...
2026-02-26 18:22:31 | INFO     | forex_scraper.scrape | [EURUSD] Calling historical API...
2026-02-26 18:22:35 | INFO     | forex_scraper.scrape | [EURUSD] Status: 200
2026-02-26 18:22:35 | INFO     | forex_scraper.scrape | [EURUSD] Parsed 1606 records
2026-02-26 18:25:27 | INFO     | forex_scraper.main | Forex Scraper Microservice shutting down...
2026-02-26 18:25:29 | INFO     | forex_scraper.main | ==================================================
2026-02-26 18:25:29 | INFO     | forex_scraper.main | Forex Scraper Microservice starting...
2026-02-26 18:25:29 | INFO     | forex_scraper.main | Startup complete. Server ready.
2026-02-26 18:25:29 | INFO     | forex_scraper.main | ==================================================
2026-02-26 18:25:35 | INFO     | forex_scraper.scrape | [USDINR] Priming cookies via main page...
2026-02-26 18:25:36 | INFO     | forex_scraper.scrape | [USDINR] Cookies primed. Waiting 2.4s...
2026-02-26 18:25:38 | INFO     | forex_scraper.scrape | [USDINR] Calling historical API...
2026-02-26 18:25:39 | INFO     | forex_scraper.scrape | [USDINR] Status: 200
2026-02-26 18:25:39 | INFO     | forex_scraper.scrape | [USDINR] Parsed 1606 records
2026-02-26 18:25:39 | INFO     | currency_scrape.service | Waiting 6.4s before next pair...
2026-02-26 18:25:45 | INFO     | forex_scraper.scrape | [EURUSD] Priming cookies via main page...
2026-02-26 18:25:46 | INFO     | forex_scraper.scrape | [EURUSD] Cookies primed. Waiting 3.8s...
2026-02-26 18:25:50 | INFO     | forex_scraper.scrape | [EURUSD] Calling historical API...
2026-02-26 18:25:50 | INFO     | forex_scraper.scrape | [EURUSD] Status: 200
2026-02-26 18:25:50 | INFO     | forex_scraper.scrape | [EURUSD] Parsed 1606 records
2026-02-26 18:25:50 | INFO     | currency_scrape.service | Data saved to forex_data_20260226_182550.json
2026-02-26 18:25:50 | INFO     | currency_scrape.service | Scrape complete | 2/2 pairs | 3212 records | 15.55s
2026-02-26 18:28:02 | INFO     | forex_scraper.scrape | [USDINR] Priming cookies via main page...
2026-02-26 18:28:03 | INFO     | forex_scraper.scrape | [USDINR] Cookies primed. Waiting 2.4s...
2026-02-26 18:28:05 | INFO     | forex_scraper.scrape | [USDINR] Calling historical API...
2026-02-26 18:28:06 | INFO     | forex_scraper.scrape | [USDINR] Status: 200
2026-02-26 18:28:06 | INFO     | forex_scraper.scrape | [USDINR] Parsed 1606 records
2026-02-26 18:28:06 | INFO     | currency_scrape.service | Waiting 4.5s before next pair...
2026-02-26 18:28:11 | INFO     | forex_scraper.scrape | [EURUSD] Priming cookies via main page...
2026-02-26 18:28:11 | INFO     | forex_scraper.scrape | [EURUSD] Cookies primed. Waiting 2.9s...
2026-02-26 18:28:14 | INFO     | forex_scraper.scrape | [EURUSD] Calling historical API...
2026-02-26 18:28:15 | INFO     | forex_scraper.scrape | [EURUSD] Status: 200
2026-02-26 18:28:15 | INFO     | forex_scraper.scrape | [EURUSD] Parsed 1606 records
2026-02-26 18:28:15 | INFO     | currency_scrape.service | Waiting 7.2s before next pair...
2026-02-26 18:28:22 | ERROR    | currency_scrape.service | Unknown pair key: EUROINR
2026-02-26 18:28:22 | INFO     | forex_scraper.scrape | [USDJPY] Priming cookies via main page...
2026-02-26 18:28:23 | INFO     | forex_scraper.scrape | [USDJPY] Cookies primed. Waiting 3.7s...
2026-02-26 18:28:27 | INFO     | forex_scraper.scrape | [USDJPY] Calling historical API...
2026-02-26 18:28:29 | INFO     | forex_scraper.scrape | [USDJPY] Status: 200
2026-02-26 18:28:29 | INFO     | forex_scraper.scrape | [USDJPY] Parsed 1606 records
2026-02-26 18:28:29 | INFO     | currency_scrape.service | Waiting 5.6s before next pair...
2026-02-26 18:28:35 | INFO     | forex_scraper.scrape | [GBPINR] Priming cookies via main page...
2026-02-26 18:28:36 | INFO     | forex_scraper.scrape | [GBPINR] Cookies primed. Waiting 2.4s...
2026-02-26 18:28:39 | INFO     | forex_scraper.scrape | [GBPINR] Calling historical API...
2026-02-26 18:28:42 | INFO     | forex_scraper.scrape | [GBPINR] Status: 200
2026-02-26 18:28:42 | INFO     | forex_scraper.scrape | [GBPINR] Parsed 1606 records
2026-02-26 18:28:42 | INFO     | currency_scrape.service | Waiting 7.3s before next pair...
2026-02-26 18:28:50 | INFO     | forex_scraper.scrape | [GBPUSD] Priming cookies via main page...
2026-02-26 18:28:51 | INFO     | forex_scraper.scrape | [GBPUSD] Cookies primed. Waiting 2.0s...
2026-02-26 18:28:53 | INFO     | forex_scraper.scrape | [GBPUSD] Calling historical API...
2026-02-26 18:28:55 | INFO     | forex_scraper.scrape | [GBPUSD] Status: 200
2026-02-26 18:28:55 | INFO     | forex_scraper.scrape | [GBPUSD] Parsed 1606 records
2026-02-26 18:28:55 | INFO     | currency_scrape.service | Waiting 4.1s before next pair...
2026-02-26 18:28:59 | INFO     | forex_scraper.scrape | [JPYINR] Priming cookies via main page...
2026-02-26 18:29:00 | INFO     | forex_scraper.scrape | [JPYINR] Cookies primed. Waiting 3.4s...
2026-02-26 18:29:04 | INFO     | forex_scraper.scrape | [JPYINR] Calling historical API...
2026-02-26 18:29:06 | INFO     | forex_scraper.scrape | [JPYINR] Status: 200
2026-02-26 18:29:06 | INFO     | forex_scraper.scrape | [JPYINR] Parsed 1606 records
2026-02-26 18:29:06 | INFO     | currency_scrape.service | Data saved to forex_data_20260226_182906.json
2026-02-26 18:29:06 | INFO     | currency_scrape.service | Scrape complete | 6/7 pairs | 9636 records | 64.29s
2026-02-26 18:32:43 | INFO     | forex_scraper.main | Forex Scraper Microservice shutting down...
2026-02-26 18:32:44 | INFO     | forex_scraper.main | ==================================================
2026-02-26 18:32:44 | INFO     | forex_scraper.main | Forex Scraper Microservice starting...
2026-02-26 18:32:44 | INFO     | forex_scraper.main | Startup complete. Server ready.
2026-02-26 18:32:44 | INFO     | forex_scraper.main | ==================================================
2026-02-26 18:33:41 | INFO     | forex_scraper.scrape | [USDINR] Priming cookies via main page...
2026-02-26 18:33:42 | INFO     | forex_scraper.scrape | [USDINR] Cookies primed. Waiting 3.2s...
2026-02-26 18:33:46 | INFO     | forex_scraper.scrape | [USDINR] Calling historical API...
2026-02-26 18:33:46 | INFO     | forex_scraper.scrape | [USDINR] Status: 200
2026-02-26 18:33:46 | INFO     | forex_scraper.scrape | [USDINR] Parsed 1606 records
2026-02-26 18:33:46 | INFO     | currency_scrape.service | [USDINR] OK 1606 records scraped
2026-02-26 18:33:46 | INFO     | currency_scrape.service | Waiting 5.3s before next pair...
2026-02-26 18:33:51 | INFO     | forex_scraper.scrape | [EURUSD] Priming cookies via main page...
2026-02-26 18:33:52 | INFO     | forex_scraper.scrape | [EURUSD] Cookies primed. Waiting 3.3s...
2026-02-26 18:33:55 | INFO     | forex_scraper.scrape | [EURUSD] Calling historical API...
2026-02-26 18:33:56 | INFO     | forex_scraper.scrape | [EURUSD] Status: 200
2026-02-26 18:33:56 | INFO     | forex_scraper.scrape | [EURUSD] Parsed 1606 records
2026-02-26 18:33:56 | INFO     | currency_scrape.service | [EURUSD] OK 1606 records scraped
2026-02-26 18:33:56 | INFO     | currency_scrape.service | Waiting 5.8s before next pair...
2026-02-26 18:34:02 | ERROR    | currency_scrape.service | Unknown pair key: EUROINR
2026-02-26 18:34:02 | INFO     | forex_scraper.scrape | [USDJPY] Priming cookies via main page...
2026-02-26 18:34:03 | INFO     | forex_scraper.scrape | [USDJPY] Cookies primed. Waiting 3.1s...
2026-02-26 18:34:06 | INFO     | forex_scraper.scrape | [USDJPY] Calling historical API...
2026-02-26 18:34:06 | INFO     | forex_scraper.scrape | [USDJPY] Status: 200
2026-02-26 18:34:06 | INFO     | forex_scraper.scrape | [USDJPY] Parsed 1606 records
2026-02-26 18:34:06 | INFO     | currency_scrape.service | [USDJPY] OK 1606 records scraped
2026-02-26 18:34:06 | INFO     | currency_scrape.service | Waiting 5.2s before next pair...
2026-02-26 18:34:11 | INFO     | forex_scraper.scrape | [GBPINR] Priming cookies via main page...
2026-02-26 18:34:13 | INFO     | forex_scraper.scrape | [GBPINR] Cookies primed. Waiting 3.5s...
2026-02-26 18:34:17 | INFO     | forex_scraper.scrape | [GBPINR] Calling historical API...
2026-02-26 18:34:17 | INFO     | forex_scraper.scrape | [GBPINR] Status: 200
2026-02-26 18:34:18 | INFO     | forex_scraper.scrape | [GBPINR] Parsed 1606 records
2026-02-26 18:34:18 | INFO     | currency_scrape.service | [GBPINR] OK 1606 records scraped
2026-02-26 18:34:18 | INFO     | currency_scrape.service | Waiting 5.7s before next pair...
2026-02-26 18:34:23 | INFO     | forex_scraper.scrape | [GBPUSD] Priming cookies via main page...
2026-02-26 18:34:24 | INFO     | forex_scraper.scrape | [GBPUSD] Cookies primed. Waiting 3.4s...
2026-02-26 18:34:27 | INFO     | forex_scraper.scrape | [GBPUSD] Calling historical API...
2026-02-26 18:34:28 | INFO     | forex_scraper.scrape | [GBPUSD] Status: 200
2026-02-26 18:34:28 | INFO     | forex_scraper.scrape | [GBPUSD] Parsed 1606 records
2026-02-26 18:34:28 | INFO     | currency_scrape.service | [GBPUSD] OK 1606 records scraped
2026-02-26 18:34:28 | INFO     | currency_scrape.service | Waiting 7.2s before next pair...
2026-02-26 18:34:35 | INFO     | forex_scraper.scrape | [JPYINR] Priming cookies via main page...
2026-02-26 18:34:36 | INFO     | forex_scraper.scrape | [JPYINR] Cookies primed. Waiting 3.8s...
2026-02-26 18:34:40 | INFO     | forex_scraper.scrape | [JPYINR] Calling historical API...
2026-02-26 18:34:40 | INFO     | forex_scraper.scrape | [JPYINR] Status: 200
2026-02-26 18:34:41 | INFO     | forex_scraper.scrape | [JPYINR] Parsed 1606 records
2026-02-26 18:34:41 | INFO     | currency_scrape.service | [JPYINR] OK 1606 records scraped
2026-02-26 18:34:41 | INFO     | currency_scrape.service | Data saved to forex_data_20260226_183441.json
2026-02-26 18:34:41 | INFO     | currency_scrape.service | Scrape complete | 6/7 pairs | 9636 records | 59.41s
2026-02-26 18:36:58 | INFO     | forex_scraper.main | Forex Scraper Microservice shutting down...
2026-02-26 18:36:59 | INFO     | forex_scraper.main | ==================================================
2026-02-26 18:36:59 | INFO     | forex_scraper.main | Forex Scraper Microservice starting...
2026-02-26 18:36:59 | INFO     | forex_scraper.main | Startup complete. Server ready.
2026-02-26 18:36:59 | INFO     | forex_scraper.main | ==================================================
2026-03-02 11:22:40 | INFO     | forex_scraper.main | ==================================================
2026-03-02 11:22:40 | INFO     | forex_scraper.main | Forex Scraper Microservice starting...
2026-03-02 11:22:40 | INFO     | forex_scraper.main | Startup complete. Server ready.
2026-03-02 11:22:40 | INFO     | forex_scraper.main | ==================================================
2026-03-02 11:41:52 | INFO     | currency_scrape.service | Scrape started | Pairs: ['USDINR', 'EURUSD', 'EURINR', 'GBPUSD', 'USDJPY', 'GBPINR', 'JPYINR'] | 2023-01-01 -> 2024-12-31
2026-03-02 11:41:52 | INFO     | forex_scraper.scrape | [USDINR] Priming cookies via main page...
2026-03-02 11:41:53 | INFO     | forex_scraper.scrape | [USDINR] Cookies primed. Waiting 2.9s...
2026-03-02 11:41:55 | INFO     | forex_scraper.scrape | [USDINR] Calling historical API...
2026-03-02 11:41:56 | INFO     | forex_scraper.scrape | [USDINR] Status: 200
2026-03-02 11:41:56 | INFO     | forex_scraper.scrape | [USDINR] Parsed 522 records
2026-03-02 11:41:56 | INFO     | currency_scrape.service | [USDINR] OK 522 records scraped
2026-03-02 11:41:56 | INFO     | currency_scrape.service | Waiting 4.5s before next pair...
2026-03-02 11:42:01 | INFO     | forex_scraper.scrape | [EURUSD] Priming cookies via main page...
2026-03-02 11:42:02 | INFO     | forex_scraper.scrape | [EURUSD] Cookies primed. Waiting 3.9s...
2026-03-02 11:42:05 | INFO     | forex_scraper.scrape | [EURUSD] Calling historical API...
2026-03-02 11:42:06 | INFO     | forex_scraper.scrape | [EURUSD] Status: 200
2026-03-02 11:42:06 | INFO     | forex_scraper.scrape | [EURUSD] Parsed 522 records
2026-03-02 11:42:06 | INFO     | currency_scrape.service | [EURUSD] OK 522 records scraped
2026-03-02 11:42:06 | INFO     | currency_scrape.service | Waiting 6.0s before next pair...
2026-03-02 11:42:12 | INFO     | forex_scraper.scrape | [EURINR] Priming cookies via main page...
2026-03-02 11:42:14 | INFO     | forex_scraper.scrape | [EURINR] Cookies primed. Waiting 3.5s...
2026-03-02 11:42:17 | INFO     | forex_scraper.scrape | [EURINR] Calling historical API...
2026-03-02 11:42:18 | INFO     | forex_scraper.scrape | [EURINR] Status: 200
2026-03-02 11:42:18 | INFO     | forex_scraper.scrape | [EURINR] Parsed 522 records
2026-03-02 11:42:18 | INFO     | currency_scrape.service | [EURINR] OK 522 records scraped
2026-03-02 11:42:18 | INFO     | currency_scrape.service | Waiting 6.8s before next pair...
2026-03-02 11:42:25 | INFO     | forex_scraper.scrape | [GBPUSD] Priming cookies via main page...
2026-03-02 11:42:26 | INFO     | forex_scraper.scrape | [GBPUSD] Cookies primed. Waiting 2.2s...
2026-03-02 11:42:28 | INFO     | forex_scraper.scrape | [GBPUSD] Calling historical API...
2026-03-02 11:42:29 | INFO     | forex_scraper.scrape | [GBPUSD] Status: 200
2026-03-02 11:42:29 | INFO     | forex_scraper.scrape | [GBPUSD] Parsed 522 records
2026-03-02 11:42:29 | INFO     | currency_scrape.service | [GBPUSD] OK 522 records scraped
2026-03-02 11:42:29 | INFO     | currency_scrape.service | Waiting 4.6s before next pair...
2026-03-02 11:42:34 | INFO     | forex_scraper.scrape | [USDJPY] Priming cookies via main page...
2026-03-02 11:42:34 | INFO     | forex_scraper.scrape | [USDJPY] Cookies primed. Waiting 3.4s...
2026-03-02 11:42:38 | INFO     | forex_scraper.scrape | [USDJPY] Calling historical API...
2026-03-02 11:42:39 | INFO     | forex_scraper.scrape | [USDJPY] Status: 200
2026-03-02 11:42:39 | INFO     | forex_scraper.scrape | [USDJPY] Parsed 522 records
2026-03-02 11:42:39 | INFO     | currency_scrape.service | [USDJPY] OK 522 records scraped
2026-03-02 11:42:39 | INFO     | currency_scrape.service | Waiting 4.9s before next pair...
2026-03-02 11:42:44 | INFO     | forex_scraper.scrape | [GBPINR] Priming cookies via main page...
2026-03-02 11:42:45 | INFO     | forex_scraper.scrape | [GBPINR] Cookies primed. Waiting 2.7s...
2026-03-02 11:42:47 | INFO     | forex_scraper.scrape | [GBPINR] Calling historical API...
2026-03-02 11:42:48 | INFO     | forex_scraper.scrape | [GBPINR] Status: 200
2026-03-02 11:42:48 | INFO     | forex_scraper.scrape | [GBPINR] Parsed 522 records
2026-03-02 11:42:48 | INFO     | currency_scrape.service | [GBPINR] OK 522 records scraped
2026-03-02 11:42:48 | INFO     | currency_scrape.service | Waiting 4.8s before next pair...
2026-03-02 11:42:53 | INFO     | forex_scraper.scrape | [JPYINR] Priming cookies via main page...
2026-03-02 11:42:54 | INFO     | forex_scraper.scrape | [JPYINR] Cookies primed. Waiting 2.6s...
2026-03-02 11:42:57 | INFO     | forex_scraper.scrape | [JPYINR] Calling historical API...
2026-03-02 11:42:58 | INFO     | forex_scraper.scrape | [JPYINR] Status: 200
2026-03-02 11:42:58 | INFO     | forex_scraper.scrape | [JPYINR] Parsed 522 records
2026-03-02 11:42:58 | INFO     | currency_scrape.service | [JPYINR] OK 522 records scraped
2026-03-02 11:42:58 | INFO     | currency_scrape.service | Data saved to forex_data_20260302_114258.json
2026-03-02 11:42:58 | INFO     | currency_scrape.service | Scrape complete | 7/7 pairs | 3654 records | 66.27s
2026-03-02 11:47:39 | INFO     | currency_scrape.service | Scrape started | Pairs: ['USDINR', 'EURUSD', 'EURINR', 'GBPUSD', 'USDJPY', 'GBPINR', 'JPYINR'] | 2020-01-01 -> 2026-03-02
2026-03-02 11:47:39 | INFO     | forex_scraper.scrape | [USDINR] Priming cookies via main page...
2026-03-02 11:47:40 | INFO     | forex_scraper.scrape | [USDINR] Cookies primed. Waiting 3.3s...
2026-03-02 11:47:44 | INFO     | forex_scraper.scrape | [USDINR] Calling historical API...
2026-03-02 11:47:46 | INFO     | forex_scraper.scrape | [USDINR] Status: 200
2026-03-02 11:47:46 | INFO     | forex_scraper.scrape | [USDINR] Parsed 1609 records
2026-03-02 11:47:46 | INFO     | currency_scrape.service | [USDINR] OK 1609 records scraped
2026-03-02 11:47:46 | INFO     | currency_scrape.service | Waiting 4.5s before next pair...
2026-03-02 11:47:50 | INFO     | forex_scraper.scrape | [EURUSD] Priming cookies via main page...
2026-03-02 11:47:51 | INFO     | forex_scraper.scrape | [EURUSD] Cookies primed. Waiting 2.7s...
2026-03-02 11:47:53 | INFO     | forex_scraper.scrape | [EURUSD] Calling historical API...
2026-03-02 11:47:56 | INFO     | forex_scraper.scrape | [EURUSD] Status: 200
2026-03-02 11:47:56 | INFO     | forex_scraper.scrape | [EURUSD] Parsed 1610 records
2026-03-02 11:47:56 | INFO     | currency_scrape.service | [EURUSD] OK 1610 records scraped
2026-03-02 11:47:56 | INFO     | currency_scrape.service | Waiting 5.7s before next pair...
2026-03-02 11:48:01 | INFO     | forex_scraper.scrape | [EURINR] Priming cookies via main page...
2026-03-02 11:48:03 | INFO     | forex_scraper.scrape | [EURINR] Cookies primed. Waiting 3.0s...
2026-03-02 11:48:06 | INFO     | forex_scraper.scrape | [EURINR] Calling historical API...
2026-03-02 11:48:08 | INFO     | forex_scraper.scrape | [EURINR] Status: 200
2026-03-02 11:48:08 | INFO     | forex_scraper.scrape | [EURINR] Parsed 1608 records
2026-03-02 11:48:08 | INFO     | currency_scrape.service | [EURINR] OK 1608 records scraped
2026-03-02 11:48:08 | INFO     | currency_scrape.service | Waiting 4.5s before next pair...
2026-03-02 11:48:13 | INFO     | forex_scraper.scrape | [GBPUSD] Priming cookies via main page...
2026-03-02 11:48:13 | INFO     | forex_scraper.scrape | [GBPUSD] Cookies primed. Waiting 2.1s...
2026-03-02 11:48:15 | INFO     | forex_scraper.scrape | [GBPUSD] Calling historical API...
2026-03-02 11:48:18 | INFO     | forex_scraper.scrape | [GBPUSD] Status: 200
2026-03-02 11:48:18 | INFO     | forex_scraper.scrape | [GBPUSD] Parsed 1610 records
2026-03-02 11:48:18 | INFO     | currency_scrape.service | [GBPUSD] OK 1610 records scraped
2026-03-02 11:48:18 | INFO     | currency_scrape.service | Waiting 5.2s before next pair...
2026-03-02 11:48:23 | INFO     | forex_scraper.scrape | [USDJPY] Priming cookies via main page...
2026-03-02 11:48:24 | INFO     | forex_scraper.scrape | [USDJPY] Cookies primed. Waiting 2.8s...
2026-03-02 11:48:27 | INFO     | forex_scraper.scrape | [USDJPY] Calling historical API...
2026-03-02 11:48:29 | INFO     | forex_scraper.scrape | [USDJPY] Status: 200
2026-03-02 11:48:29 | INFO     | forex_scraper.scrape | [USDJPY] Parsed 1610 records
2026-03-02 11:48:29 | INFO     | currency_scrape.service | [USDJPY] OK 1610 records scraped
2026-03-02 11:48:29 | INFO     | currency_scrape.service | Waiting 6.0s before next pair...
2026-03-02 11:48:35 | INFO     | forex_scraper.scrape | [GBPINR] Priming cookies via main page...
2026-03-02 11:48:36 | INFO     | forex_scraper.scrape | [GBPINR] Cookies primed. Waiting 3.5s...
2026-03-02 11:48:40 | INFO     | forex_scraper.scrape | [GBPINR] Calling historical API...
2026-03-02 11:48:43 | INFO     | forex_scraper.scrape | [GBPINR] Status: 200
2026-03-02 11:48:43 | INFO     | forex_scraper.scrape | [GBPINR] Parsed 1608 records
2026-03-02 11:48:43 | INFO     | currency_scrape.service | [GBPINR] OK 1608 records scraped
2026-03-02 11:48:43 | INFO     | currency_scrape.service | Waiting 7.7s before next pair...
2026-03-02 11:48:51 | INFO     | forex_scraper.scrape | [JPYINR] Priming cookies via main page...
2026-03-02 11:48:52 | INFO     | forex_scraper.scrape | [JPYINR] Cookies primed. Waiting 3.4s...
2026-03-02 11:48:55 | INFO     | forex_scraper.scrape | [JPYINR] Calling historical API...
2026-03-02 11:48:57 | INFO     | forex_scraper.scrape | [JPYINR] Status: 200
2026-03-02 11:48:57 | INFO     | forex_scraper.scrape | [JPYINR] Parsed 1608 records
2026-03-02 11:48:57 | INFO     | currency_scrape.service | [JPYINR] OK 1608 records scraped
2026-03-02 11:48:57 | INFO     | currency_scrape.service | Data saved to forex_data_20260302_114857.json
2026-03-02 11:48:57 | INFO     | currency_scrape.service | Scrape complete | 7/7 pairs | 11263 records | 78.05s
2026-03-02 11:59:12 | INFO     | forex_scraper.main | Forex Scraper Microservice shutting down...
2026-03-04 17:16:00 | INFO     | forex_scraper.main | ==================================================
2026-03-04 17:16:00 | INFO     | forex_scraper.main | Forex Scraper Microservice starting...
2026-03-04 17:16:00 | INFO     | forex_scraper.main | Startup complete. Server ready.
2026-03-04 17:16:00 | INFO     | forex_scraper.main | ==================================================
2026-03-04 17:23:02 | INFO     | currency_scrape.service | Scrape started | Pairs: ['USDINR', 'EURUSD', 'EURINR', 'GBPINR', 'USDJPY', 'GBPUSD', 'JPYINR'] | 2020-01-01 -> 2026-03-04
2026-03-04 17:23:02 | INFO     | forex_scraper.scrape | [USDINR] Priming cookies via main page...
2026-03-04 17:23:04 | INFO     | forex_scraper.scrape | [USDINR] Cookies primed. Waiting 2.5s...
2026-03-04 17:23:06 | INFO     | forex_scraper.scrape | [USDINR] Calling historical API...
2026-03-04 17:23:08 | INFO     | forex_scraper.scrape | [USDINR] Status: 200
2026-03-04 17:23:08 | INFO     | forex_scraper.scrape | [USDINR] Parsed 1611 records
2026-03-04 17:23:08 | INFO     | currency_scrape.service | [USDINR] OK 1611 records scraped
2026-03-04 17:23:08 | INFO     | currency_scrape.service | Waiting 6.2s before next pair...
2026-03-04 17:23:15 | INFO     | forex_scraper.scrape | [EURUSD] Priming cookies via main page...
2026-03-04 17:23:15 | INFO     | forex_scraper.scrape | [EURUSD] Cookies primed. Waiting 3.3s...
2026-03-04 17:23:18 | INFO     | forex_scraper.scrape | [EURUSD] Calling historical API...
2026-03-04 17:23:21 | INFO     | forex_scraper.scrape | [EURUSD] Status: 200
2026-03-04 17:23:21 | INFO     | forex_scraper.scrape | [EURUSD] Parsed 1611 records
2026-03-04 17:23:21 | INFO     | currency_scrape.service | [EURUSD] OK 1611 records scraped
2026-03-04 17:23:21 | INFO     | currency_scrape.service | Waiting 6.4s before next pair...
2026-03-04 17:23:27 | INFO     | forex_scraper.scrape | [EURINR] Priming cookies via main page...
2026-03-04 17:23:28 | INFO     | forex_scraper.scrape | [EURINR] Cookies primed. Waiting 2.6s...
2026-03-04 17:23:31 | INFO     | forex_scraper.scrape | [EURINR] Calling historical API...
2026-03-04 17:23:31 | INFO     | forex_scraper.scrape | [EURINR] Status: 429
2026-03-04 17:23:31 | INFO     | currency_scrape.service | Waiting 4.4s before next pair...
2026-03-04 17:23:35 | INFO     | forex_scraper.scrape | [GBPINR] Priming cookies via main page...
2026-03-04 17:23:36 | INFO     | forex_scraper.scrape | [GBPINR] Cookies primed. Waiting 2.0s...
2026-03-04 17:23:38 | INFO     | forex_scraper.scrape | [GBPINR] Calling historical API...
2026-03-04 17:23:39 | INFO     | forex_scraper.scrape | [GBPINR] Status: 429
2026-03-04 17:23:39 | INFO     | currency_scrape.service | Waiting 5.8s before next pair...
2026-03-04 17:23:44 | INFO     | forex_scraper.scrape | [USDJPY] Priming cookies via main page...
2026-03-04 17:23:45 | INFO     | forex_scraper.scrape | [USDJPY] Cookies primed. Waiting 2.5s...
2026-03-04 17:23:47 | INFO     | forex_scraper.scrape | [USDJPY] Calling historical API...
2026-03-04 17:23:47 | INFO     | forex_scraper.scrape | [USDJPY] Status: 429
2026-03-04 17:23:47 | INFO     | currency_scrape.service | Waiting 7.1s before next pair...
2026-03-04 17:23:54 | INFO     | forex_scraper.scrape | [GBPUSD] Priming cookies via main page...
2026-03-04 17:23:55 | INFO     | forex_scraper.scrape | [GBPUSD] Cookies primed. Waiting 2.3s...
2026-03-04 17:23:58 | INFO     | forex_scraper.scrape | [GBPUSD] Calling historical API...
2026-03-04 17:23:58 | INFO     | forex_scraper.scrape | [GBPUSD] Status: 429
2026-03-04 17:23:58 | INFO     | currency_scrape.service | Waiting 6.0s before next pair...
2026-03-04 17:24:04 | INFO     | forex_scraper.scrape | [JPYINR] Priming cookies via main page...
2026-03-04 17:24:05 | INFO     | forex_scraper.scrape | [JPYINR] Cookies primed. Waiting 3.2s...
2026-03-04 17:24:08 | INFO     | forex_scraper.scrape | [JPYINR] Calling historical API...
2026-03-04 17:24:08 | INFO     | forex_scraper.scrape | [JPYINR] Status: 429
2026-03-04 17:24:08 | INFO     | currency_scrape.service | Data saved to forex_data_20260304_172408.json
2026-03-04 17:24:08 | INFO     | currency_scrape.service | Scrape complete | 2/7 pairs | 3222 records | 66.33s
2026-03-04 17:26:49 | INFO     | forex_scraper.main | Forex Scraper Microservice shutting down...
2026-03-04 17:27:54 | INFO     | forex_scraper.main | ==================================================
2026-03-04 17:27:54 | INFO     | forex_scraper.main | Forex Scraper Microservice starting...
2026-03-04 17:27:54 | INFO     | forex_scraper.main | Startup complete. Server ready.
2026-03-04 17:27:54 | INFO     | forex_scraper.main | ==================================================
2026-03-04 17:30:55 | INFO     | currency_scrape.service | Scrape started | Pairs: ['USDINR', 'EURINR', 'GBPINR', 'USDJPY', 'EURUSD', 'GBPUSD', 'JPYINR'] | 2020-01-01 -> 2026-03-04
2026-03-04 17:30:55 | INFO     | forex_scraper.scrape | [USDINR] Priming cookies via main page...
2026-03-04 17:30:55 | INFO     | forex_scraper.scrape | [USDINR] Cookies primed. Waiting 2.2s...
2026-03-04 17:30:58 | INFO     | forex_scraper.scrape | [USDINR] Calling historical API...
2026-03-04 17:30:58 | INFO     | forex_scraper.scrape | [USDINR] Status: 200
2026-03-04 17:30:58 | INFO     | forex_scraper.scrape | [USDINR] Parsed 1611 records
2026-03-04 17:30:58 | INFO     | currency_scrape.service | [USDINR] OK 1611 records scraped
2026-03-04 17:30:58 | INFO     | currency_scrape.service | Waiting 5.0s before next pair...
2026-03-04 17:31:03 | INFO     | forex_scraper.scrape | [EURINR] Priming cookies via main page...
2026-03-04 17:31:05 | INFO     | forex_scraper.scrape | [EURINR] Cookies primed. Waiting 2.3s...
2026-03-04 17:31:07 | INFO     | forex_scraper.scrape | [EURINR] Calling historical API...
2026-03-04 17:31:07 | INFO     | forex_scraper.scrape | [EURINR] Status: 429
2026-03-04 17:31:07 | INFO     | currency_scrape.service | Waiting 7.2s before next pair...
2026-03-04 17:31:14 | INFO     | forex_scraper.scrape | [GBPINR] Priming cookies via main page...
2026-03-04 17:31:16 | INFO     | forex_scraper.scrape | [GBPINR] Cookies primed. Waiting 2.9s...
2026-03-04 17:31:19 | INFO     | forex_scraper.scrape | [GBPINR] Calling historical API...
2026-03-04 17:31:21 | INFO     | forex_scraper.scrape | [GBPINR] Status: 200
2026-03-04 17:31:21 | INFO     | forex_scraper.scrape | [GBPINR] Parsed 1610 records
2026-03-04 17:31:21 | INFO     | currency_scrape.service | [GBPINR] OK 1610 records scraped
2026-03-04 17:31:21 | INFO     | currency_scrape.service | Waiting 4.3s before next pair...
2026-03-04 17:31:26 | INFO     | forex_scraper.scrape | [USDJPY] Priming cookies via main page...
2026-03-04 17:31:26 | INFO     | forex_scraper.scrape | [USDJPY] Cookies primed. Waiting 2.6s...
2026-03-04 17:31:29 | INFO     | forex_scraper.scrape | [USDJPY] Calling historical API...
2026-03-04 17:31:29 | INFO     | forex_scraper.scrape | [USDJPY] Status: 429
2026-03-04 17:31:29 | INFO     | currency_scrape.service | Waiting 6.1s before next pair...
2026-03-04 17:31:35 | INFO     | forex_scraper.scrape | [EURUSD] Priming cookies via main page...
2026-03-04 17:31:35 | INFO     | forex_scraper.scrape | [EURUSD] Cookies primed. Waiting 3.2s...
2026-03-04 17:31:39 | INFO     | forex_scraper.scrape | [EURUSD] Calling historical API...
2026-03-04 17:31:39 | INFO     | forex_scraper.scrape | [EURUSD] Status: 429
2026-03-04 17:31:39 | INFO     | currency_scrape.service | Waiting 6.9s before next pair...
2026-03-04 17:31:46 | INFO     | forex_scraper.scrape | [GBPUSD] Priming cookies via main page...
2026-03-04 17:31:46 | INFO     | forex_scraper.scrape | [GBPUSD] Cookies primed. Waiting 3.4s...
2026-03-04 17:31:50 | INFO     | forex_scraper.scrape | [GBPUSD] Calling historical API...
2026-03-04 17:31:50 | INFO     | forex_scraper.scrape | [GBPUSD] Status: 429
2026-03-04 17:31:50 | INFO     | currency_scrape.service | Waiting 7.1s before next pair...
2026-03-04 17:31:57 | INFO     | forex_scraper.scrape | [JPYINR] Priming cookies via main page...
2026-03-04 17:31:58 | INFO     | forex_scraper.scrape | [JPYINR] Cookies primed. Waiting 3.9s...
2026-03-04 17:32:02 | INFO     | forex_scraper.scrape | [JPYINR] Calling historical API...
2026-03-04 17:32:04 | INFO     | forex_scraper.scrape | [JPYINR] Status: 200
2026-03-04 17:32:05 | INFO     | forex_scraper.scrape | [JPYINR] Parsed 1610 records
2026-03-04 17:32:05 | INFO     | currency_scrape.service | [JPYINR] OK 1610 records scraped
2026-03-04 17:32:05 | INFO     | currency_scrape.service | Data saved to forex_data_20260304_173205.json
2026-03-04 17:32:05 | INFO     | currency_scrape.service | Scrape complete | 3/7 pairs | 4831 records | 69.71s
2026-03-04 17:32:56 | INFO     | forex_scraper.main | Forex Scraper Microservice shutting down...
2026-03-04 17:32:57 | INFO     | forex_scraper.main | ==================================================
2026-03-04 17:32:57 | INFO     | forex_scraper.main | Forex Scraper Microservice starting...
2026-03-04 17:32:57 | INFO     | forex_scraper.main | Startup complete. Server ready.
2026-03-04 17:32:57 | INFO     | forex_scraper.main | ==================================================
2026-03-04 17:33:35 | INFO     | forex_scraper.main | Forex Scraper Microservice shutting down...
2026-03-04 17:46:11 | INFO     | forex_scraper.main | ==================================================
2026-03-04 17:46:11 | INFO     | forex_scraper.main | Forex Scraper Microservice starting...
2026-03-04 17:46:11 | INFO     | forex_scraper.main | Startup complete. Server ready.
2026-03-04 17:46:11 | INFO     | forex_scraper.main | ==================================================
2026-03-04 17:46:22 | INFO     | currency_scrape.service | Scrape started | Pairs: ['USDINR', 'EURINR', 'GBPINR', 'USDJPY', 'EURUSD', 'GBPUSD', 'JPYINR'] | 2020-01-01 -> 2026-03-04
2026-03-04 17:46:22 | INFO     | forex_scraper.scrape | [USDINR] Priming cookies via main page...
2026-03-04 17:46:24 | INFO     | forex_scraper.scrape | [USDINR] Cookies primed. Waiting 2.3s...
2026-03-04 17:46:26 | INFO     | forex_scraper.scrape | [USDINR] Calling historical API...
2026-03-04 17:46:26 | INFO     | forex_scraper.scrape | [USDINR] Status: 200
2026-03-04 17:46:26 | INFO     | forex_scraper.scrape | [USDINR] Parsed 1611 records
2026-03-04 17:46:26 | INFO     | currency_scrape.service | [USDINR] OK 1611 records scraped
2026-03-04 17:46:26 | INFO     | currency_scrape.service | Waiting 7.0s before next pair...
2026-03-04 17:46:33 | INFO     | forex_scraper.scrape | [EURINR] Priming cookies via main page...
2026-03-04 17:46:35 | INFO     | forex_scraper.scrape | [EURINR] Cookies primed. Waiting 2.6s...
2026-03-04 17:46:37 | INFO     | forex_scraper.scrape | [EURINR] Calling historical API...
2026-03-04 17:46:37 | INFO     | forex_scraper.scrape | [EURINR] Status: 429
2026-03-04 17:46:37 | WARNING  | currency_scrape.service | [EURINR] 429 received, waiting 60s (attempt 1/3)...
2026-03-04 17:47:37 | INFO     | forex_scraper.scrape | [EURINR] Priming cookies via main page...
2026-03-04 17:47:39 | INFO     | forex_scraper.scrape | [EURINR] Cookies primed. Waiting 3.1s...
2026-03-04 17:47:42 | INFO     | forex_scraper.scrape | [EURINR] Calling historical API...
2026-03-04 17:47:42 | INFO     | forex_scraper.scrape | [EURINR] Status: 429
2026-03-04 17:47:42 | WARNING  | currency_scrape.service | [EURINR] 429 received, waiting 120s (attempt 2/3)...
2026-03-04 17:49:42 | INFO     | forex_scraper.scrape | [EURINR] Priming cookies via main page...
2026-03-04 17:49:43 | INFO     | forex_scraper.scrape | [EURINR] Cookies primed. Waiting 2.1s...
2026-03-04 17:49:46 | INFO     | forex_scraper.scrape | [EURINR] Calling historical API...
2026-03-04 17:49:46 | INFO     | forex_scraper.scrape | [EURINR] Status: 429
2026-03-04 17:49:46 | WARNING  | currency_scrape.service | [EURINR] 429 received, waiting 180s (attempt 3/3)...
2026-03-04 17:52:46 | INFO     | currency_scrape.service | Waiting 4.5s before next pair...
2026-03-04 17:52:50 | INFO     | forex_scraper.scrape | [GBPINR] Priming cookies via main page...
2026-03-04 17:52:55 | INFO     | forex_scraper.scrape | [GBPINR] Cookies primed. Waiting 3.8s...
2026-03-04 17:52:58 | INFO     | forex_scraper.scrape | [GBPINR] Calling historical API...
2026-03-04 17:52:59 | INFO     | forex_scraper.scrape | [GBPINR] Status: 200
2026-03-04 17:52:59 | INFO     | forex_scraper.scrape | [GBPINR] Parsed 1610 records
2026-03-04 17:52:59 | INFO     | currency_scrape.service | [GBPINR] OK 1610 records scraped
2026-03-04 17:52:59 | INFO     | currency_scrape.service | Waiting 7.4s before next pair...
2026-03-04 17:53:06 | INFO     | forex_scraper.scrape | [USDJPY] Priming cookies via main page...
2026-03-04 17:53:08 | INFO     | forex_scraper.scrape | [USDJPY] Cookies primed. Waiting 2.3s...
2026-03-04 17:53:11 | INFO     | forex_scraper.scrape | [USDJPY] Calling historical API...
2026-03-04 17:53:11 | INFO     | forex_scraper.scrape | [USDJPY] Status: 429
2026-03-04 17:53:11 | WARNING  | currency_scrape.service | [USDJPY] 429 received, waiting 60s (attempt 1/3)...
2026-03-04 17:54:11 | INFO     | forex_scraper.scrape | [USDJPY] Priming cookies via main page...
2026-03-04 17:54:13 | INFO     | forex_scraper.scrape | [USDJPY] Cookies primed. Waiting 3.4s...
2026-03-04 17:54:16 | INFO     | forex_scraper.scrape | [USDJPY] Calling historical API...
2026-03-04 17:54:16 | INFO     | forex_scraper.scrape | [USDJPY] Status: 429
2026-03-04 17:54:16 | WARNING  | currency_scrape.service | [USDJPY] 429 received, waiting 120s (attempt 2/3)...
2026-03-04 17:56:16 | INFO     | forex_scraper.scrape | [USDJPY] Priming cookies via main page...
2026-03-04 17:56:17 | INFO     | forex_scraper.scrape | [USDJPY] Cookies primed. Waiting 3.1s...
2026-03-04 17:56:20 | INFO     | forex_scraper.scrape | [USDJPY] Calling historical API...
2026-03-04 17:56:22 | INFO     | forex_scraper.scrape | [USDJPY] Status: 200
2026-03-04 17:56:22 | INFO     | forex_scraper.scrape | [USDJPY] Parsed 1611 records
2026-03-04 17:56:22 | INFO     | currency_scrape.service | [USDJPY] OK 1611 records scraped
2026-03-04 17:56:22 | INFO     | currency_scrape.service | Waiting 6.3s before next pair...
2026-03-04 17:56:28 | INFO     | forex_scraper.scrape | [EURUSD] Priming cookies via main page...
2026-03-04 17:56:28 | INFO     | forex_scraper.scrape | [EURUSD] Cookies primed. Waiting 3.2s...
2026-03-04 17:56:32 | INFO     | forex_scraper.scrape | [EURUSD] Calling historical API...
2026-03-04 17:56:32 | INFO     | forex_scraper.scrape | [EURUSD] Status: 200
2026-03-04 17:56:32 | INFO     | forex_scraper.scrape | [EURUSD] Parsed 1611 records
2026-03-04 17:56:32 | INFO     | currency_scrape.service | [EURUSD] OK 1611 records scraped
2026-03-04 17:56:32 | INFO     | currency_scrape.service | Waiting 6.6s before next pair...
2026-03-04 17:56:39 | INFO     | forex_scraper.scrape | [GBPUSD] Priming cookies via main page...
2026-03-04 17:56:39 | INFO     | forex_scraper.scrape | [GBPUSD] Cookies primed. Waiting 3.7s...
2026-03-04 17:56:43 | INFO     | forex_scraper.scrape | [GBPUSD] Calling historical API...
2026-03-04 17:56:45 | INFO     | forex_scraper.scrape | [GBPUSD] Status: 200
2026-03-04 17:56:45 | INFO     | forex_scraper.scrape | [GBPUSD] Parsed 1611 records
2026-03-04 17:56:45 | INFO     | currency_scrape.service | [GBPUSD] OK 1611 records scraped
2026-03-04 17:56:45 | INFO     | currency_scrape.service | Waiting 6.1s before next pair...
2026-03-04 17:56:51 | INFO     | forex_scraper.scrape | [JPYINR] Priming cookies via main page...
2026-03-04 17:56:53 | INFO     | forex_scraper.scrape | [JPYINR] Cookies primed. Waiting 3.7s...
2026-03-04 17:56:57 | INFO     | forex_scraper.scrape | [JPYINR] Calling historical API...
2026-03-04 17:56:57 | INFO     | forex_scraper.scrape | [JPYINR] Status: 200
2026-03-04 17:56:57 | INFO     | forex_scraper.scrape | [JPYINR] Parsed 1610 records
2026-03-04 17:56:57 | INFO     | currency_scrape.service | [JPYINR] OK 1610 records scraped
2026-03-04 17:56:57 | INFO     | currency_scrape.service | Data saved to forex_data_20260304_175657.json
2026-03-04 17:56:57 | INFO     | currency_scrape.service | Scrape complete | 6/7 pairs | 9664 records | 634.99s
2026-03-04 18:02:31 | INFO     | forex_scraper.main | Forex Scraper Microservice shutting down...
2026-03-04 18:02:33 | INFO     | forex_scraper.main | ==================================================
2026-03-04 18:02:33 | INFO     | forex_scraper.main | Forex Scraper Microservice starting...
2026-03-04 18:02:33 | INFO     | forex_scraper.main | Startup complete. Server ready.
2026-03-04 18:02:33 | INFO     | forex_scraper.main | ==================================================
2026-03-04 18:03:00 | INFO     | forex_scraper.main | Forex Scraper Microservice shutting down...
2026-03-04 18:03:01 | INFO     | forex_scraper.main | ==================================================
2026-03-04 18:03:01 | INFO     | forex_scraper.main | Forex Scraper Microservice starting...
2026-03-04 18:03:01 | INFO     | forex_scraper.main | Startup complete. Server ready.
2026-03-04 18:03:01 | INFO     | forex_scraper.main | ==================================================
2026-03-04 18:03:21 | INFO     | forex_scraper.main | Forex Scraper Microservice shutting down...
2026-03-04 18:03:22 | INFO     | forex_scraper.main | ==================================================
2026-03-04 18:03:22 | INFO     | forex_scraper.main | Forex Scraper Microservice starting...
2026-03-04 18:03:22 | INFO     | forex_scraper.main | Startup complete. Server ready.
2026-03-04 18:03:22 | INFO     | forex_scraper.main | ==================================================
2026-03-04 18:17:05 | INFO     | forex_scraper.main | Forex Scraper Microservice shutting down...
2026-03-04 18:17:09 | INFO     | forex_scraper.main | ==================================================
2026-03-04 18:17:09 | INFO     | forex_scraper.main | Forex Scraper Microservice starting...
2026-03-04 18:17:09 | INFO     | forex_scraper.main | Startup complete. Server ready.
2026-03-04 18:17:09 | INFO     | forex_scraper.main | ==================================================
2026-03-04 18:17:20 | INFO     | currency_scrape.service | Scrape started | Pairs: ['USDINR', 'EURINR', 'GBPINR', 'USDJPY', 'EURUSD', 'GBPUSD', 'JPYINR'] | 2020-01-01 -> 2026-03-04
2026-03-04 18:17:20 | INFO     | forex_scraper.scrape | [USDINR] Attempt 1/3 | Priming cookies (chrome110)...
2026-03-04 18:17:20 | INFO     | forex_scraper.scrape | [USDINR] Cookies primed. Waiting 2.7s...
2026-03-04 18:17:23 | INFO     | forex_scraper.scrape | [USDINR] Calling historical API...
2026-03-04 18:17:24 | INFO     | forex_scraper.scrape | [USDINR] Status: 200
2026-03-04 18:17:24 | INFO     | forex_scraper.scrape | [USDINR] Parsed 1611 records
2026-03-04 18:17:24 | INFO     | currency_scrape.service | [USDINR] OK 1611 records scraped
2026-03-04 18:17:24 | INFO     | currency_scrape.service | Waiting 6.1s before next pair...
2026-03-04 18:17:30 | INFO     | forex_scraper.scrape | [EURINR] Attempt 1/3 | Priming cookies (chrome107)...
2026-03-04 18:17:31 | INFO     | forex_scraper.scrape | [EURINR] Cookies primed. Waiting 3.3s...
2026-03-04 18:17:34 | INFO     | forex_scraper.scrape | [EURINR] Calling historical API...
2026-03-04 18:17:34 | INFO     | forex_scraper.scrape | [EURINR] Status: 429
2026-03-04 18:17:34 | WARNING  | forex_scraper.scrape | [EURINR] 429 received. Waiting 60s before retry...
2026-03-04 18:18:34 | INFO     | forex_scraper.scrape | [EURINR] Attempt 2/3 | Priming cookies (chrome104)...
2026-03-04 18:18:34 | INFO     | forex_scraper.scrape | [EURINR] Cookies primed. Waiting 3.4s...
2026-03-04 18:18:38 | INFO     | forex_scraper.scrape | [EURINR] Calling historical API...
2026-03-04 18:18:38 | INFO     | forex_scraper.scrape | [EURINR] Status: 403
2026-03-04 18:18:38 | ERROR    | currency_scrape.service | [EURINR] Failed: [EURINR] 403 Forbidden — Cloudflare hard block
2026-03-04 18:18:38 | INFO     | currency_scrape.service | Waiting 5.0s before next pair...
2026-03-04 18:18:43 | INFO     | forex_scraper.scrape | [GBPINR] Attempt 1/3 | Priming cookies (safari15_5)...
2026-03-04 18:18:43 | INFO     | forex_scraper.scrape | [GBPINR] Cookies primed. Waiting 3.2s...
2026-03-04 18:18:47 | INFO     | forex_scraper.scrape | [GBPINR] Calling historical API...
2026-03-04 18:18:47 | INFO     | forex_scraper.scrape | [GBPINR] Status: 200
2026-03-04 18:18:47 | INFO     | forex_scraper.scrape | [GBPINR] Parsed 1610 records
2026-03-04 18:18:47 | INFO     | currency_scrape.service | [GBPINR] OK 1610 records scraped
2026-03-04 18:18:47 | INFO     | currency_scrape.service | Waiting 4.8s before next pair...
2026-03-04 18:18:52 | INFO     | forex_scraper.scrape | [USDJPY] Attempt 1/3 | Priming cookies (safari15_5)...
2026-03-04 18:18:56 | INFO     | forex_scraper.scrape | [USDJPY] Cookies primed. Waiting 2.9s...
2026-03-04 18:18:58 | INFO     | forex_scraper.scrape | [USDJPY] Calling historical API...
2026-03-04 18:18:59 | INFO     | forex_scraper.scrape | [USDJPY] Status: 200
2026-03-04 18:18:59 | INFO     | forex_scraper.scrape | [USDJPY] Parsed 1611 records
2026-03-04 18:18:59 | INFO     | currency_scrape.service | [USDJPY] OK 1611 records scraped
2026-03-04 18:18:59 | INFO     | currency_scrape.service | Waiting 6.2s before next pair...
2026-03-04 18:19:05 | INFO     | forex_scraper.scrape | [EURUSD] Attempt 1/3 | Priming cookies (chrome107)...
2026-03-04 18:19:06 | INFO     | forex_scraper.scrape | [EURUSD] Cookies primed. Waiting 2.4s...
2026-03-04 18:19:08 | INFO     | forex_scraper.scrape | [EURUSD] Calling historical API...
2026-03-04 18:19:08 | INFO     | forex_scraper.scrape | [EURUSD] Status: 429
2026-03-04 18:19:08 | WARNING  | forex_scraper.scrape | [EURUSD] 429 received. Waiting 60s before retry...
2026-03-04 18:20:08 | INFO     | forex_scraper.scrape | [EURUSD] Attempt 2/3 | Priming cookies (chrome104)...
2026-03-04 18:20:08 | INFO     | forex_scraper.scrape | [EURUSD] Cookies primed. Waiting 2.3s...
2026-03-04 18:20:11 | INFO     | forex_scraper.scrape | [EURUSD] Calling historical API...
2026-03-04 18:20:11 | INFO     | forex_scraper.scrape | [EURUSD] Status: 403
2026-03-04 18:20:11 | ERROR    | currency_scrape.service | [EURUSD] Failed: [EURUSD] 403 Forbidden — Cloudflare hard block
2026-03-04 18:20:11 | INFO     | currency_scrape.service | Waiting 5.7s before next pair...
2026-03-04 18:20:16 | INFO     | forex_scraper.scrape | [GBPUSD] Attempt 1/3 | Priming cookies (chrome104)...
2026-03-04 18:20:16 | INFO     | forex_scraper.scrape | [GBPUSD] Cookies primed. Waiting 2.3s...
2026-03-04 18:20:19 | INFO     | forex_scraper.scrape | [GBPUSD] Calling historical API...
2026-03-04 18:20:19 | INFO     | forex_scraper.scrape | [GBPUSD] Status: 403
2026-03-04 18:20:19 | ERROR    | currency_scrape.service | [GBPUSD] Failed: [GBPUSD] 403 Forbidden — Cloudflare hard block
2026-03-04 18:20:19 | INFO     | currency_scrape.service | Waiting 4.7s before next pair...
2026-03-04 18:20:23 | INFO     | forex_scraper.scrape | [JPYINR] Attempt 1/3 | Priming cookies (chrome104)...
2026-03-04 18:20:23 | INFO     | forex_scraper.scrape | [JPYINR] Cookies primed. Waiting 2.8s...
2026-03-04 18:20:26 | INFO     | forex_scraper.scrape | [JPYINR] Calling historical API...
2026-03-04 18:20:26 | INFO     | forex_scraper.scrape | [JPYINR] Status: 403
2026-03-04 18:20:26 | ERROR    | currency_scrape.service | [JPYINR] Failed: [JPYINR] 403 Forbidden — Cloudflare hard block
2026-03-04 18:20:26 | INFO     | currency_scrape.service | Data saved to forex_data_20260304_182026.json
2026-03-04 18:20:26 | INFO     | currency_scrape.service | Scrape complete | 3/7 pairs | 4832 records | 186.6s
2026-03-04 18:20:33 | INFO     | forex_scraper.main | Forex Scraper Microservice shutting down...
2026-03-04 18:55:56 | INFO     | forex_scraper.main | ==================================================
2026-03-04 18:55:56 | INFO     | forex_scraper.main | Forex Scraper Microservice starting...
2026-03-04 18:55:56 | INFO     | forex_scraper.main | Startup complete. Server ready.
2026-03-04 18:55:56 | INFO     | forex_scraper.main | ==================================================
2026-03-04 18:56:36 | INFO     | currency_scrape.service | Scrape started | Pairs: ['USDINR', 'EURINR', 'GBPINR', 'JPYINR', 'USDJPY', 'EURUSD', 'GBPUSD'] | 2020-01-01 -> 2026-03-04
2026-03-04 18:56:36 | INFO     | forex_scraper.scrape | [USDINR] Attempt 1/3 | Priming cookies (safari15_5)...
2026-03-04 18:56:38 | INFO     | forex_scraper.scrape | [USDINR] Cookies primed. Waiting 3.5s...
2026-03-04 18:56:41 | INFO     | forex_scraper.scrape | [USDINR] Calling historical API...
2026-03-04 18:56:44 | INFO     | forex_scraper.scrape | [USDINR] Status: 200
2026-03-04 18:56:44 | INFO     | forex_scraper.scrape | [USDINR] Parsed 1611 records
2026-03-04 18:56:44 | INFO     | currency_scrape.service | [USDINR] OK 1611 records scraped
2026-03-04 18:56:44 | INFO     | currency_scrape.service | Waiting 7.6s before next pair...
2026-03-04 18:56:51 | INFO     | forex_scraper.scrape | [EURINR] Attempt 1/3 | Priming cookies (chrome104)...
2026-03-04 18:56:51 | INFO     | forex_scraper.scrape | [EURINR] Cookies primed. Waiting 3.0s...
2026-03-04 18:56:55 | INFO     | forex_scraper.scrape | [EURINR] Calling historical API...
2026-03-04 18:56:55 | INFO     | forex_scraper.scrape | [EURINR] Status: 403
2026-03-04 18:56:55 | ERROR    | currency_scrape.service | [EURINR] Failed: [EURINR] 403 Forbidden — Cloudflare hard block
2026-03-04 18:56:55 | INFO     | currency_scrape.service | Waiting 4.2s before next pair...
2026-03-04 18:56:59 | INFO     | forex_scraper.scrape | [GBPINR] Attempt 1/3 | Priming cookies (chrome107)...
2026-03-04 18:57:00 | INFO     | forex_scraper.scrape | [GBPINR] Cookies primed. Waiting 2.4s...
2026-03-04 18:57:02 | INFO     | forex_scraper.scrape | [GBPINR] Calling historical API...
2026-03-04 18:57:05 | INFO     | forex_scraper.scrape | [GBPINR] Status: 200
2026-03-04 18:57:05 | INFO     | forex_scraper.scrape | [GBPINR] Parsed 1611 records
2026-03-04 18:57:05 | INFO     | currency_scrape.service | [GBPINR] OK 1611 records scraped
2026-03-04 18:57:05 | INFO     | currency_scrape.service | Waiting 4.7s before next pair...
2026-03-04 18:57:09 | INFO     | forex_scraper.scrape | [JPYINR] Attempt 1/3 | Priming cookies (chrome107)...
2026-03-04 18:57:11 | INFO     | forex_scraper.scrape | [JPYINR] Cookies primed. Waiting 3.5s...
2026-03-04 18:57:14 | INFO     | forex_scraper.scrape | [JPYINR] Calling historical API...
2026-03-04 18:57:16 | INFO     | forex_scraper.scrape | [JPYINR] Status: 200
2026-03-04 18:57:16 | INFO     | forex_scraper.scrape | [JPYINR] Parsed 1611 records
2026-03-04 18:57:16 | INFO     | currency_scrape.service | [JPYINR] OK 1611 records scraped
2026-03-04 18:57:16 | INFO     | currency_scrape.service | Waiting 5.8s before next pair...
2026-03-04 18:57:22 | INFO     | forex_scraper.scrape | [USDJPY] Attempt 1/3 | Priming cookies (chrome107)...
2026-03-04 18:57:24 | INFO     | forex_scraper.scrape | [USDJPY] Cookies primed. Waiting 3.1s...
2026-03-04 18:57:27 | INFO     | forex_scraper.scrape | [USDJPY] Calling historical API...
2026-03-04 18:57:29 | INFO     | forex_scraper.scrape | [USDJPY] Status: 200
2026-03-04 18:57:29 | INFO     | forex_scraper.scrape | [USDJPY] Parsed 1611 records
2026-03-04 18:57:29 | INFO     | currency_scrape.service | [USDJPY] OK 1611 records scraped
2026-03-04 18:57:29 | INFO     | currency_scrape.service | Waiting 6.3s before next pair...
2026-03-04 18:57:36 | INFO     | forex_scraper.scrape | [EURUSD] Attempt 1/3 | Priming cookies (safari15_5)...
2026-03-04 18:57:36 | INFO     | forex_scraper.scrape | [EURUSD] Cookies primed. Waiting 3.1s...
2026-03-04 18:57:39 | INFO     | forex_scraper.scrape | [EURUSD] Calling historical API...
2026-03-04 18:57:42 | INFO     | forex_scraper.scrape | [EURUSD] Status: 200
2026-03-04 18:57:42 | INFO     | forex_scraper.scrape | [EURUSD] Parsed 1611 records
2026-03-04 18:57:42 | INFO     | currency_scrape.service | [EURUSD] OK 1611 records scraped
2026-03-04 18:57:42 | INFO     | currency_scrape.service | Waiting 4.3s before next pair...
2026-03-04 18:57:46 | INFO     | forex_scraper.scrape | [GBPUSD] Attempt 1/3 | Priming cookies (safari15_5)...
2026-03-04 18:57:47 | INFO     | forex_scraper.scrape | [GBPUSD] Cookies primed. Waiting 3.3s...
2026-03-04 18:57:51 | INFO     | forex_scraper.scrape | [GBPUSD] Calling historical API...
2026-03-04 18:57:53 | INFO     | forex_scraper.scrape | [GBPUSD] Status: 200
2026-03-04 18:57:53 | INFO     | forex_scraper.scrape | [GBPUSD] Parsed 1611 records
2026-03-04 18:57:53 | INFO     | currency_scrape.service | [GBPUSD] OK 1611 records scraped
2026-03-04 18:57:53 | INFO     | currency_scrape.service | Data saved to forex_data_20260304_185753.json
2026-03-04 18:57:53 | INFO     | currency_scrape.service | Scrape complete | 6/7 pairs | 9666 records | 77.11s
2026-03-04 18:57:57 | INFO     | forex_scraper.main | Forex Scraper Microservice shutting down...
2026-03-05 11:36:33 | INFO     | forex_scraper.main | ==================================================
2026-03-05 11:36:33 | INFO     | forex_scraper.main | Forex Scraper Microservice starting...
2026-03-05 11:36:33 | INFO     | forex_scraper.main | Startup complete. Server ready.
2026-03-05 11:36:33 | INFO     | forex_scraper.main | ==================================================
2026-03-05 11:38:50 | INFO     | currency_scrape.service | Scrape started | Pairs: ['USDINR', 'EURUSD', 'EURINR', 'GBPINR', 'USDJPY', 'GBPUSD', 'JPYINR'] | 2020-01-01 -> 2026-03-05
2026-03-05 11:38:50 | INFO     | forex_scraper.scrape | [USDINR] Attempt 1/3 | Priming cookies (safari15_5)...
2026-03-05 11:38:51 | INFO     | forex_scraper.scrape | [USDINR] Cookies primed. Waiting 3.4s...
2026-03-05 11:38:54 | INFO     | forex_scraper.scrape | [USDINR] Calling historical API...
2026-03-05 11:38:56 | INFO     | forex_scraper.scrape | [USDINR] Status: 200
2026-03-05 11:38:57 | INFO     | forex_scraper.scrape | [USDINR] Parsed 1612 records
2026-03-05 11:38:57 | INFO     | currency_scrape.service | [USDINR] OK 1612 records scraped
2026-03-05 11:38:57 | INFO     | currency_scrape.service | Waiting 6.2s before next pair...
2026-03-05 11:39:03 | INFO     | forex_scraper.scrape | [EURUSD] Attempt 1/3 | Priming cookies (chrome110)...
2026-03-05 11:39:03 | INFO     | forex_scraper.scrape | [EURUSD] Cookies primed. Waiting 3.0s...
2026-03-05 11:39:06 | INFO     | forex_scraper.scrape | [EURUSD] Calling historical API...
2026-03-05 11:39:08 | INFO     | forex_scraper.scrape | [EURUSD] Status: 200
2026-03-05 11:39:08 | INFO     | forex_scraper.scrape | [EURUSD] Parsed 1612 records
2026-03-05 11:39:08 | INFO     | currency_scrape.service | [EURUSD] OK 1612 records scraped
2026-03-05 11:39:08 | INFO     | currency_scrape.service | Waiting 5.7s before next pair...
2026-03-05 11:39:14 | INFO     | forex_scraper.scrape | [EURINR] Attempt 1/3 | Priming cookies (chrome104)...
2026-03-05 11:39:14 | INFO     | forex_scraper.scrape | [EURINR] Cookies primed. Waiting 2.1s...
2026-03-05 11:39:16 | INFO     | forex_scraper.scrape | [EURINR] Calling historical API...
2026-03-05 11:39:16 | INFO     | forex_scraper.scrape | [EURINR] Status: 403
2026-03-05 11:39:16 | ERROR    | currency_scrape.service | [EURINR] Failed: [EURINR] 403 Forbidden — Cloudflare hard block
2026-03-05 11:39:16 | INFO     | currency_scrape.service | Waiting 4.5s before next pair...
2026-03-05 11:39:21 | INFO     | forex_scraper.scrape | [GBPINR] Attempt 1/3 | Priming cookies (chrome107)...
2026-03-05 11:39:22 | INFO     | forex_scraper.scrape | [GBPINR] Cookies primed. Waiting 2.6s...
2026-03-05 11:39:25 | INFO     | forex_scraper.scrape | [GBPINR] Calling historical API...
2026-03-05 11:39:27 | INFO     | forex_scraper.scrape | [GBPINR] Status: 200
2026-03-05 11:39:27 | INFO     | forex_scraper.scrape | [GBPINR] Parsed 1611 records
2026-03-05 11:39:27 | INFO     | currency_scrape.service | [GBPINR] OK 1611 records scraped
2026-03-05 11:39:27 | INFO     | currency_scrape.service | Waiting 6.2s before next pair...
2026-03-05 11:39:33 | INFO     | forex_scraper.scrape | [USDJPY] Attempt 1/3 | Priming cookies (chrome104)...
2026-03-05 11:39:33 | INFO     | forex_scraper.scrape | [USDJPY] Cookies primed. Waiting 3.6s...
2026-03-05 11:39:37 | INFO     | forex_scraper.scrape | [USDJPY] Calling historical API...
2026-03-05 11:39:37 | INFO     | forex_scraper.scrape | [USDJPY] Status: 403
2026-03-05 11:39:37 | ERROR    | currency_scrape.service | [USDJPY] Failed: [USDJPY] 403 Forbidden — Cloudflare hard block
2026-03-05 11:39:37 | INFO     | currency_scrape.service | Waiting 6.9s before next pair...
2026-03-05 11:39:44 | INFO     | forex_scraper.scrape | [GBPUSD] Attempt 1/3 | Priming cookies (chrome107)...
2026-03-05 11:39:46 | INFO     | forex_scraper.scrape | [GBPUSD] Cookies primed. Waiting 3.4s...
2026-03-05 11:39:50 | INFO     | forex_scraper.scrape | [GBPUSD] Calling historical API...
2026-03-05 11:39:52 | INFO     | forex_scraper.scrape | [GBPUSD] Status: 200
2026-03-05 11:39:52 | INFO     | forex_scraper.scrape | [GBPUSD] Parsed 1612 records
2026-03-05 11:39:52 | INFO     | currency_scrape.service | [GBPUSD] OK 1612 records scraped
2026-03-05 11:39:52 | INFO     | currency_scrape.service | Waiting 6.1s before next pair...
2026-03-05 11:39:58 | INFO     | forex_scraper.scrape | [JPYINR] Attempt 1/3 | Priming cookies (chrome110)...
2026-03-05 11:40:00 | INFO     | forex_scraper.scrape | [JPYINR] Cookies primed. Waiting 3.6s...
2026-03-05 11:40:03 | INFO     | forex_scraper.scrape | [JPYINR] Calling historical API...
2026-03-05 11:40:06 | INFO     | forex_scraper.scrape | [JPYINR] Status: 200
2026-03-05 11:40:06 | INFO     | forex_scraper.scrape | [JPYINR] Parsed 1611 records
2026-03-05 11:40:06 | INFO     | currency_scrape.service | [JPYINR] OK 1611 records scraped
2026-03-05 11:40:06 | INFO     | currency_scrape.service | Data saved to forex_data_20260305_114006.json
2026-03-05 11:40:06 | INFO     | currency_scrape.service | Scrape complete | 5/7 pairs | 8058 records | 75.77s
2026-03-05 11:42:40 | INFO     | forex_scraper.main | Forex Scraper Microservice shutting down...
2026-03-06 10:00:34 | INFO     | forex_scraper.main | ==================================================
2026-03-06 10:00:34 | INFO     | forex_scraper.main | Forex Scraper Microservice starting...
2026-03-06 10:00:34 | INFO     | forex_scraper.main | Startup complete. Server ready.
2026-03-06 10:00:34 | INFO     | forex_scraper.main | ==================================================
2026-03-06 10:01:51 | INFO     | currency_scrape.service | Scrape started | Pairs: ['USDINR'] | 2026-03-06 -> 2026-03-06
2026-03-06 10:01:51 | INFO     | forex_scraper.scrape | [USDINR] Attempt 1/3 | Priming cookies (chrome104)...
2026-03-06 10:01:51 | INFO     | forex_scraper.scrape | [USDINR] Cookies primed. Waiting 2.2s...
2026-03-06 10:01:53 | INFO     | forex_scraper.scrape | [USDINR] Calling historical API...
2026-03-06 10:01:53 | INFO     | forex_scraper.scrape | [USDINR] Status: 403
2026-03-06 10:01:53 | ERROR    | currency_scrape.service | [USDINR] Failed: [USDINR] 403 Forbidden — Cloudflare hard block
2026-03-06 10:01:53 | INFO     | currency_scrape.service | Scrape complete | 0/1 pairs | 0 records | 2.44s
2026-03-06 10:02:39 | INFO     | currency_scrape.service | Scrape started | Pairs: ['USDJPY'] | 2026-03-06 -> 2026-03-06
2026-03-06 10:02:39 | INFO     | forex_scraper.scrape | [USDJPY] Attempt 1/3 | Priming cookies (chrome110)...
2026-03-06 10:02:40 | INFO     | forex_scraper.scrape | [USDJPY] Cookies primed. Waiting 3.5s...
2026-03-06 10:02:43 | INFO     | forex_scraper.scrape | [USDJPY] Calling historical API...
2026-03-06 10:02:44 | INFO     | forex_scraper.scrape | [USDJPY] Status: 200
2026-03-06 10:02:44 | INFO     | forex_scraper.scrape | [USDJPY] Parsed 1 records
2026-03-06 10:02:44 | INFO     | currency_scrape.service | [USDJPY] OK 1 records scraped
2026-03-06 10:02:44 | INFO     | currency_scrape.service | Data saved to forex_data_20260306_100244.json
2026-03-06 10:02:44 | INFO     | currency_scrape.service | Scrape complete | 1/1 pairs | 1 records | 4.27s
2026-03-06 10:04:16 | INFO     | currency_scrape.service | Scrape started | Pairs: ['USDJPY'] | 2020-03-06 -> 2026-03-06
2026-03-06 10:04:16 | INFO     | forex_scraper.scrape | [USDJPY] Attempt 1/3 | Priming cookies (chrome107)...
2026-03-06 10:04:17 | INFO     | forex_scraper.scrape | [USDJPY] Cookies primed. Waiting 2.7s...
2026-03-06 10:04:19 | INFO     | forex_scraper.scrape | [USDJPY] Calling historical API...
2026-03-06 10:04:23 | INFO     | forex_scraper.scrape | [USDJPY] Status: 200
2026-03-06 10:04:23 | INFO     | forex_scraper.scrape | [USDJPY] Parsed 1566 records
2026-03-06 10:04:23 | INFO     | currency_scrape.service | [USDJPY] OK 1566 records scraped
2026-03-06 10:04:23 | INFO     | currency_scrape.service | Data saved to forex_data_20260306_100423.json
2026-03-06 10:04:23 | INFO     | currency_scrape.service | Scrape complete | 1/1 pairs | 1566 records | 7.16s
2026-03-06 11:10:51 | INFO     | forex_scraper.main | Forex Scraper Microservice shutting down...
